<?xml version="1.0" encoding="UTF-8"?>
<!-- Generated by org.testng.reporters.JUnitReportReporter -->
<testsuite hostname="TP-LAP0019" failures="0" tests="1" name="tests.Addition" time="28.512" errors="0" timestamp="2021-01-02T10:23:57 IST" skipped="0">
  <testcase classname="tests.Addition" name="additionTestCase" time="28.512"/>
  <system-out/>
</testsuite> <!-- tests.Addition -->
