<?xml version="1.0" encoding="UTF-8"?>
<!-- Generated by org.testng.reporters.JUnitReportReporter -->
<testsuite hostname="TP-LAP0019" failures="0" tests="1" name="appiumtests.CalculaterTest" time="39.380" errors="0" timestamp="2021-01-02T07:21:46 IST" skipped="0">
  <testcase classname="appiumtests.CalculaterTest" name="openCalculator" time="39.380"/>
  <system-out/>
</testsuite> <!-- appiumtests.CalculaterTest -->
